2016-09-28 00:33:58 [127.0.0.1][-][p4e9khn0l9dsca7hblhr82pij4][error][yii\db\Exception] exception 'PDOException' with message 'could not find driver' in /var/www/html/yii2advanced/vendor/yiisoft/yii2/db/Connection.php:603
Stack trace:
#0 /var/www/html/yii2advanced/vendor/yiisoft/yii2/db/Connection.php(603): PDO->__construct('mysql:host=loca...', 'root', '', NULL)
#1 /var/www/html/yii2advanced/vendor/yiisoft/yii2/db/Connection.php(545): yii\db\Connection->createPdoInstance()
#2 /var/www/html/yii2advanced/vendor/yiisoft/yii2/db/Connection.php(864): yii\db\Connection->open()
#3 /var/www/html/yii2advanced/vendor/yiisoft/yii2/db/Connection.php(851): yii\db\Connection->getMasterPdo()
#4 /var/www/html/yii2advanced/vendor/yiisoft/yii2/db/Schema.php(480): yii\db\Connection->getSlavePdo()
#5 /var/www/html/yii2advanced/vendor/yiisoft/yii2/db/Connection.php(760): yii\db\Schema->quoteValue('<span class="st...')
#6 /var/www/html/yii2advanced/vendor/yiisoft/yii2/db/Command.php(175): yii\db\Connection->quoteValue('<span class="st...')
#7 /var/www/html/yii2advanced/vendor/yiisoft/yii2/db/Command.php(869): yii\db\Command->getRawSql()
#8 /var/www/html/yii2advanced/vendor/yiisoft/yii2/db/Command.php(376): yii\db\Command->queryInternal('<span class="st...', '<span class="ke...')
#9 /var/www/html/yii2advanced/vendor/yiisoft/yii2/db/Query.php(247): yii\db\Command->queryOne()
#10 /var/www/html/yii2advanced/vendor/yiisoft/yii2/db/ActiveQuery.php(295): yii\db\Query->one('<span class="ke...')
#11 /var/www/html/yii2advanced/vendor/yiisoft/yii2/db/BaseActiveRecord.php(107): yii\db\ActiveQuery->one()
#12 /var/www/html/yii2advanced/common/models/User.php(83): yii\db\BaseActiveRecord::findOne('[<span class="s...')
#13 /var/www/html/yii2advanced/common/models/LoginForm.php(73): common\models\User::findByUsername('<span class="st...')
#14 /var/www/html/yii2advanced/common/models/LoginForm.php(44): common\models\LoginForm->getUser()
#15 [internal function]: common\models\LoginForm->validatePassword('<span class="st...', '<span class="ke...')
#16 /var/www/html/yii2advanced/vendor/yiisoft/yii2/validators/InlineValidator.php(69): call_user_func('[<span class="t...', '<span class="st...', '<span class="ke...')
#17 /var/www/html/yii2advanced/vendor/yiisoft/yii2/validators/Validator.php(252): yii\validators\InlineValidator->validateAttribute(Object(common\models\LoginForm), '<span class="st...')
#18 /var/www/html/yii2advanced/vendor/yiisoft/yii2/base/Model.php(356): yii\validators\Validator->validateAttributes(Object(common\models\LoginForm), '[<span class="s...')
#19 /var/www/html/yii2advanced/common/models/LoginForm.php(58): yii\base\Model->validate()
#20 /var/www/html/yii2advanced/backend/controllers/SiteController.php(78): common\models\LoginForm->login()
#21 [internal function]: backend\controllers\SiteController->actionLogin()
#22 /var/www/html/yii2advanced/vendor/yiisoft/yii2/base/InlineAction.php(55): call_user_func_array('[<span class="t...', '[]')
#23 /var/www/html/yii2advanced/vendor/yiisoft/yii2/base/Controller.php(154): yii\base\InlineAction->runWithParams('[<span class="s...')
#24 /var/www/html/yii2advanced/vendor/yiisoft/yii2/base/Module.php(454): yii\base\Controller->runAction('<span class="st...', '[<span class="s...')
#25 /var/www/html/yii2advanced/vendor/yiisoft/yii2/web/Application.php(87): yii\base\Module->runAction('<span class="st...', '[<span class="s...')
#26 /var/www/html/yii2advanced/vendor/yiisoft/yii2/base/Application.php(375): yii\web\Application->handleRequest(Object(yii\web\Request))
#27 /var/www/html/yii2advanced/backend/web/index.php(18): yii\base\Application->run()
#28 {main}

Next exception 'yii\db\Exception' with message 'could not find driver' in /var/www/html/yii2advanced/vendor/yiisoft/yii2/db/Connection.php:550
Stack trace:
#0 /var/www/html/yii2advanced/vendor/yiisoft/yii2/db/Connection.php(864): yii\db\Connection->open()
#1 /var/www/html/yii2advanced/vendor/yiisoft/yii2/db/Connection.php(851): yii\db\Connection->getMasterPdo()
#2 /var/www/html/yii2advanced/vendor/yiisoft/yii2/db/Schema.php(480): yii\db\Connection->getSlavePdo()
#3 /var/www/html/yii2advanced/vendor/yiisoft/yii2/db/Connection.php(760): yii\db\Schema->quoteValue('<span class="st...')
#4 /var/www/html/yii2advanced/vendor/yiisoft/yii2/db/Command.php(175): yii\db\Connection->quoteValue('<span class="st...')
#5 /var/www/html/yii2advanced/vendor/yiisoft/yii2/db/Command.php(869): yii\db\Command->getRawSql()
#6 /var/www/html/yii2advanced/vendor/yiisoft/yii2/db/Command.php(376): yii\db\Command->queryInternal('<span class="st...', '<span class="ke...')
#7 /var/www/html/yii2advanced/vendor/yiisoft/yii2/db/Query.php(247): yii\db\Command->queryOne()
#8 /var/www/html/yii2advanced/vendor/yiisoft/yii2/db/ActiveQuery.php(295): yii\db\Query->one('<span class="ke...')
#9 /var/www/html/yii2advanced/vendor/yiisoft/yii2/db/BaseActiveRecord.php(107): yii\db\ActiveQuery->one()
#10 /var/www/html/yii2advanced/common/models/User.php(83): yii\db\BaseActiveRecord::findOne('[<span class="s...')
#11 /var/www/html/yii2advanced/common/models/LoginForm.php(73): common\models\User::findByUsername('<span class="st...')
#12 /var/www/html/yii2advanced/common/models/LoginForm.php(44): common\models\LoginForm->getUser()
#13 [internal function]: common\models\LoginForm->validatePassword('<span class="st...', '<span class="ke...')
#14 /var/www/html/yii2advanced/vendor/yiisoft/yii2/validators/InlineValidator.php(69): call_user_func('[<span class="t...', '<span class="st...', '<span class="ke...')
#15 /var/www/html/yii2advanced/vendor/yiisoft/yii2/validators/Validator.php(252): yii\validators\InlineValidator->validateAttribute(Object(common\models\LoginForm), '<span class="st...')
#16 /var/www/html/yii2advanced/vendor/yiisoft/yii2/base/Model.php(356): yii\validators\Validator->validateAttributes(Object(common\models\LoginForm), '[<span class="s...')
#17 /var/www/html/yii2advanced/common/models/LoginForm.php(58): yii\base\Model->validate()
#18 /var/www/html/yii2advanced/backend/controllers/SiteController.php(78): common\models\LoginForm->login()
#19 [internal function]: backend\controllers\SiteController->actionLogin()
#20 /var/www/html/yii2advanced/vendor/yiisoft/yii2/base/InlineAction.php(55): call_user_func_array('[<span class="t...', '[]')
#21 /var/www/html/yii2advanced/vendor/yiisoft/yii2/base/Controller.php(154): yii\base\InlineAction->runWithParams('[<span class="s...')
#22 /var/www/html/yii2advanced/vendor/yiisoft/yii2/base/Module.php(454): yii\base\Controller->runAction('<span class="st...', '[<span class="s...')
#23 /var/www/html/yii2advanced/vendor/yiisoft/yii2/web/Application.php(87): yii\base\Module->runAction('<span class="st...', '[<span class="s...')
#24 /var/www/html/yii2advanced/vendor/yiisoft/yii2/base/Application.php(375): yii\web\Application->handleRequest(Object(yii\web\Request))
#25 /var/www/html/yii2advanced/backend/web/index.php(18): yii\base\Application->run()
#26 {main}
Additional Information:

2016-09-28 00:33:58 [127.0.0.1][-][p4e9khn0l9dsca7hblhr82pij4][info][application] $_GET = [
    'r' => 'site/login'
]

$_POST = [
    '_csrf-backend' => 'cnQ3d3FhSlk/H1MNMCweLEolexEoGSg9C0xnEicgMCwXBQQnECATKA=='
    'LoginForm' => [
        'username' => 'admin'
        'password' => 'admin'
        'rememberMe' => '1'
    ]
    'login-button' => ''
]

$_COOKIE = [
    'advanced-backend' => 'p4e9khn0l9dsca7hblhr82pij4'
    '_csrf-backend' => 'cd33c40dea6c17867a1513cf167980316db09b22834bde4464e2e9e8a51922b4a:2:{i:0;s:13:\"_csrf-backend\";i:1;s:32:\"MkdzAMTu8QLfYxbdy8PeVAzueq3PaAYq\";}'
]

$_SESSION = [
    '__flash' => []
    '__returnUrl' => '/yii2advanced/backend/web/'
]

$_SERVER = [
    'HTTP_HOST' => 'localhost'
    'HTTP_USER_AGENT' => 'Mozilla/5.0 (X11; Ubuntu; Linux i686; rv:47.0) Gecko/20100101 Firefox/47.0'
    'HTTP_ACCEPT' => 'text/html,application/xhtml+xml,application/xml;q=0.9,*/*;q=0.8'
    'HTTP_ACCEPT_LANGUAGE' => 'en-US,en;q=0.5'
    'HTTP_ACCEPT_ENCODING' => 'gzip, deflate'
    'HTTP_REFERER' => 'http://localhost/yii2advanced/backend/web/index.php?r=site%2Flogin'
    'HTTP_COOKIE' => 'advanced-backend=p4e9khn0l9dsca7hblhr82pij4; _csrf-backend=cd33c40dea6c17867a1513cf167980316db09b22834bde4464e2e9e8a51922b4a%3A2%3A%7Bi%3A0%3Bs%3A13%3A%22_csrf-backend%22%3Bi%3A1%3Bs%3A32%3A%22MkdzAMTu8QLfYxbdy8PeVAzueq3PaAYq%22%3B%7D'
    'HTTP_CONNECTION' => 'keep-alive'
    'CONTENT_TYPE' => 'application/x-www-form-urlencoded'
    'CONTENT_LENGTH' => '206'
    'PATH' => '/usr/local/sbin:/usr/local/bin:/usr/sbin:/usr/bin:/sbin:/bin'
    'SERVER_SIGNATURE' => '<address>Apache/2.4.18 (Ubuntu) Server at localhost Port 80</address>
'
    'SERVER_SOFTWARE' => 'Apache/2.4.18 (Ubuntu)'
    'SERVER_NAME' => 'localhost'
    'SERVER_ADDR' => '127.0.0.1'
    'SERVER_PORT' => '80'
    'REMOTE_ADDR' => '127.0.0.1'
    'DOCUMENT_ROOT' => '/var/www/html'
    'REQUEST_SCHEME' => 'http'
    'CONTEXT_PREFIX' => ''
    'CONTEXT_DOCUMENT_ROOT' => '/var/www/html'
    'SERVER_ADMIN' => 'webmaster@localhost'
    'SCRIPT_FILENAME' => '/var/www/html/yii2advanced/backend/web/index.php'
    'REMOTE_PORT' => '51064'
    'GATEWAY_INTERFACE' => 'CGI/1.1'
    'SERVER_PROTOCOL' => 'HTTP/1.1'
    'REQUEST_METHOD' => 'POST'
    'QUERY_STRING' => 'r=site%2Flogin'
    'REQUEST_URI' => '/yii2advanced/backend/web/index.php?r=site%2Flogin'
    'SCRIPT_NAME' => '/yii2advanced/backend/web/index.php'
    'PHP_SELF' => '/yii2advanced/backend/web/index.php'
    'REQUEST_TIME_FLOAT' => 1475022838.509
    'REQUEST_TIME' => 1475022838
]
2016-09-29 02:37:34 [127.0.0.1][-][2b11v2b35a9capkm4grt2leop3][error][yii\db\Exception] exception 'PDOException' with message 'SQLSTATE[42P01]: Undefined table: 7 ERROR:  relation "user" does not exist
LINE 1: SELECT * FROM "user" WHERE ("username"=$1) AND ("status"=$2)
                      ^' in /var/www/html/yii2advanced/vendor/yiisoft/yii2/db/Command.php:900
Stack trace:
#0 /var/www/html/yii2advanced/vendor/yiisoft/yii2/db/Command.php(900): PDOStatement->execute()
#1 /var/www/html/yii2advanced/vendor/yiisoft/yii2/db/Command.php(376): yii\db\Command->queryInternal('<span class="st...', '<span class="ke...')
#2 /var/www/html/yii2advanced/vendor/yiisoft/yii2/db/Query.php(247): yii\db\Command->queryOne()
#3 /var/www/html/yii2advanced/vendor/yiisoft/yii2/db/ActiveQuery.php(295): yii\db\Query->one('<span class="ke...')
#4 /var/www/html/yii2advanced/vendor/yiisoft/yii2/db/BaseActiveRecord.php(107): yii\db\ActiveQuery->one()
#5 /var/www/html/yii2advanced/common/models/User.php(83): yii\db\BaseActiveRecord::findOne('[<span class="s...')
#6 /var/www/html/yii2advanced/common/models/LoginForm.php(73): common\models\User::findByUsername('<span class="st...')
#7 /var/www/html/yii2advanced/common/models/LoginForm.php(44): common\models\LoginForm->getUser()
#8 [internal function]: common\models\LoginForm->validatePassword('<span class="st...', '<span class="ke...')
#9 /var/www/html/yii2advanced/vendor/yiisoft/yii2/validators/InlineValidator.php(69): call_user_func('[<span class="t...', '<span class="st...', '<span class="ke...')
#10 /var/www/html/yii2advanced/vendor/yiisoft/yii2/validators/Validator.php(252): yii\validators\InlineValidator->validateAttribute(Object(common\models\LoginForm), '<span class="st...')
#11 /var/www/html/yii2advanced/vendor/yiisoft/yii2/base/Model.php(356): yii\validators\Validator->validateAttributes(Object(common\models\LoginForm), '[<span class="s...')
#12 /var/www/html/yii2advanced/common/models/LoginForm.php(58): yii\base\Model->validate()
#13 /var/www/html/yii2advanced/backend/controllers/SiteController.php(78): common\models\LoginForm->login()
#14 [internal function]: backend\controllers\SiteController->actionLogin()
#15 /var/www/html/yii2advanced/vendor/yiisoft/yii2/base/InlineAction.php(55): call_user_func_array('[<span class="t...', '[]')
#16 /var/www/html/yii2advanced/vendor/yiisoft/yii2/base/Controller.php(154): yii\base\InlineAction->runWithParams('[<span class="s...')
#17 /var/www/html/yii2advanced/vendor/yiisoft/yii2/base/Module.php(454): yii\base\Controller->runAction('<span class="st...', '[<span class="s...')
#18 /var/www/html/yii2advanced/vendor/yiisoft/yii2/web/Application.php(87): yii\base\Module->runAction('<span class="st...', '[<span class="s...')
#19 /var/www/html/yii2advanced/vendor/yiisoft/yii2/base/Application.php(375): yii\web\Application->handleRequest(Object(yii\web\Request))
#20 /var/www/html/yii2advanced/backend/web/index.php(18): yii\base\Application->run()
#21 {main}

Next exception 'yii\db\Exception' with message 'SQLSTATE[42P01]: Undefined table: 7 ERROR:  relation "user" does not exist
LINE 1: SELECT * FROM "user" WHERE ("username"=$1) AND ("status"=$2)
                      ^
The SQL being executed was: SELECT * FROM "user" WHERE ("username"='admin') AND ("status"=10)' in /var/www/html/yii2advanced/vendor/yiisoft/yii2/db/Schema.php:633
Stack trace:
#0 /var/www/html/yii2advanced/vendor/yiisoft/yii2/db/Command.php(915): yii\db\Schema->convertException(Object(PDOException), 'SELECT * FROM "...')
#1 /var/www/html/yii2advanced/vendor/yiisoft/yii2/db/Command.php(376): yii\db\Command->queryInternal('<span class="st...', '<span class="ke...')
#2 /var/www/html/yii2advanced/vendor/yiisoft/yii2/db/Query.php(247): yii\db\Command->queryOne()
#3 /var/www/html/yii2advanced/vendor/yiisoft/yii2/db/ActiveQuery.php(295): yii\db\Query->one('<span class="ke...')
#4 /var/www/html/yii2advanced/vendor/yiisoft/yii2/db/BaseActiveRecord.php(107): yii\db\ActiveQuery->one()
#5 /var/www/html/yii2advanced/common/models/User.php(83): yii\db\BaseActiveRecord::findOne('[<span class="s...')
#6 /var/www/html/yii2advanced/common/models/LoginForm.php(73): common\models\User::findByUsername('<span class="st...')
#7 /var/www/html/yii2advanced/common/models/LoginForm.php(44): common\models\LoginForm->getUser()
#8 [internal function]: common\models\LoginForm->validatePassword('<span class="st...', '<span class="ke...')
#9 /var/www/html/yii2advanced/vendor/yiisoft/yii2/validators/InlineValidator.php(69): call_user_func('[<span class="t...', '<span class="st...', '<span class="ke...')
#10 /var/www/html/yii2advanced/vendor/yiisoft/yii2/validators/Validator.php(252): yii\validators\InlineValidator->validateAttribute(Object(common\models\LoginForm), '<span class="st...')
#11 /var/www/html/yii2advanced/vendor/yiisoft/yii2/base/Model.php(356): yii\validators\Validator->validateAttributes(Object(common\models\LoginForm), '[<span class="s...')
#12 /var/www/html/yii2advanced/common/models/LoginForm.php(58): yii\base\Model->validate()
#13 /var/www/html/yii2advanced/backend/controllers/SiteController.php(78): common\models\LoginForm->login()
#14 [internal function]: backend\controllers\SiteController->actionLogin()
#15 /var/www/html/yii2advanced/vendor/yiisoft/yii2/base/InlineAction.php(55): call_user_func_array('[<span class="t...', '[]')
#16 /var/www/html/yii2advanced/vendor/yiisoft/yii2/base/Controller.php(154): yii\base\InlineAction->runWithParams('[<span class="s...')
#17 /var/www/html/yii2advanced/vendor/yiisoft/yii2/base/Module.php(454): yii\base\Controller->runAction('<span class="st...', '[<span class="s...')
#18 /var/www/html/yii2advanced/vendor/yiisoft/yii2/web/Application.php(87): yii\base\Module->runAction('<span class="st...', '[<span class="s...')
#19 /var/www/html/yii2advanced/vendor/yiisoft/yii2/base/Application.php(375): yii\web\Application->handleRequest(Object(yii\web\Request))
#20 /var/www/html/yii2advanced/backend/web/index.php(18): yii\base\Application->run()
#21 {main}
Additional Information:
Array
(
    [0] => 42P01
    [1] => 7
    [2] => ERROR:  relation "user" does not exist
LINE 1: SELECT * FROM "user" WHERE ("username"=$1) AND ("status"=$2)
                      ^
)

2016-09-29 02:37:34 [127.0.0.1][-][2b11v2b35a9capkm4grt2leop3][info][application] $_GET = [
    'r' => 'site/login'
]

$_POST = [
    '_csrf-backend' => 'OGoueVdDQWhRLX0RFhAoKw9TYQgkIDtcSV8WPBwHJTlQEFQSFBAnAA=='
    'LoginForm' => [
        'username' => 'admin'
        'password' => 'admin'
        'rememberMe' => '1'
    ]
    'login-button' => ''
]

$_COOKIE = [
    'PHPSESSID' => 'fbqel2gadu401s7jnvthn7uae3'
    'advanced-backend' => '2b11v2b35a9capkm4grt2leop3'
    '_csrf-backend' => '8a978db0f5958bc77e3713582b779d95deb34f49ceb5905455b29823afb89b1ba:2:{i:0;s:13:\"_csrf-backend\";i:1;s:32:\"iGShASiC79Oqscz4q58EKDdQhzzkCSfh\";}'
]

$_SESSION = [
    '__flash' => []
    '__returnUrl' => '/yii2advanced/backend/web/'
]

$_SERVER = [
    'HTTP_HOST' => 'localhost'
    'HTTP_USER_AGENT' => 'Mozilla/5.0 (X11; Ubuntu; Linux i686; rv:47.0) Gecko/20100101 Firefox/47.0'
    'HTTP_ACCEPT' => 'text/html,application/xhtml+xml,application/xml;q=0.9,*/*;q=0.8'
    'HTTP_ACCEPT_LANGUAGE' => 'en-US,en;q=0.5'
    'HTTP_ACCEPT_ENCODING' => 'gzip, deflate'
    'HTTP_REFERER' => 'http://localhost/yii2advanced/backend/web/index.php?r=site%2Flogin'
    'HTTP_COOKIE' => 'PHPSESSID=fbqel2gadu401s7jnvthn7uae3; advanced-backend=2b11v2b35a9capkm4grt2leop3; _csrf-backend=8a978db0f5958bc77e3713582b779d95deb34f49ceb5905455b29823afb89b1ba%3A2%3A%7Bi%3A0%3Bs%3A13%3A%22_csrf-backend%22%3Bi%3A1%3Bs%3A32%3A%22iGShASiC79Oqscz4q58EKDdQhzzkCSfh%22%3B%7D'
    'HTTP_CONNECTION' => 'keep-alive'
    'CONTENT_TYPE' => 'application/x-www-form-urlencoded'
    'CONTENT_LENGTH' => '204'
    'PATH' => '/usr/local/sbin:/usr/local/bin:/usr/sbin:/usr/bin:/sbin:/bin'
    'SERVER_SIGNATURE' => '<address>Apache/2.4.18 (Ubuntu) Server at localhost Port 80</address>
'
    'SERVER_SOFTWARE' => 'Apache/2.4.18 (Ubuntu)'
    'SERVER_NAME' => 'localhost'
    'SERVER_ADDR' => '127.0.0.1'
    'SERVER_PORT' => '80'
    'REMOTE_ADDR' => '127.0.0.1'
    'DOCUMENT_ROOT' => '/var/www/html'
    'REQUEST_SCHEME' => 'http'
    'CONTEXT_PREFIX' => ''
    'CONTEXT_DOCUMENT_ROOT' => '/var/www/html'
    'SERVER_ADMIN' => 'webmaster@localhost'
    'SCRIPT_FILENAME' => '/var/www/html/yii2advanced/backend/web/index.php'
    'REMOTE_PORT' => '40872'
    'GATEWAY_INTERFACE' => 'CGI/1.1'
    'SERVER_PROTOCOL' => 'HTTP/1.1'
    'REQUEST_METHOD' => 'POST'
    'QUERY_STRING' => 'r=site%2Flogin'
    'REQUEST_URI' => '/yii2advanced/backend/web/index.php?r=site%2Flogin'
    'SCRIPT_NAME' => '/yii2advanced/backend/web/index.php'
    'PHP_SELF' => '/yii2advanced/backend/web/index.php'
    'REQUEST_TIME_FLOAT' => 1475116654.002
    'REQUEST_TIME' => 1475116654
]
2016-09-29 02:51:03 [127.0.0.1][-][2b11v2b35a9capkm4grt2leop3][error][yii\db\Exception] exception 'PDOException' with message 'SQLSTATE[42P01]: Undefined table: 7 ERROR:  relation "user" does not exist
LINE 1: SELECT * FROM "user" WHERE ("username"=$1) AND ("status"=$2)
                      ^' in /var/www/html/yii2advanced/vendor/yiisoft/yii2/db/Command.php:900
Stack trace:
#0 /var/www/html/yii2advanced/vendor/yiisoft/yii2/db/Command.php(900): PDOStatement->execute()
#1 /var/www/html/yii2advanced/vendor/yiisoft/yii2/db/Command.php(376): yii\db\Command->queryInternal('<span class="st...', '<span class="ke...')
#2 /var/www/html/yii2advanced/vendor/yiisoft/yii2/db/Query.php(247): yii\db\Command->queryOne()
#3 /var/www/html/yii2advanced/vendor/yiisoft/yii2/db/ActiveQuery.php(295): yii\db\Query->one('<span class="ke...')
#4 /var/www/html/yii2advanced/vendor/yiisoft/yii2/db/BaseActiveRecord.php(107): yii\db\ActiveQuery->one()
#5 /var/www/html/yii2advanced/common/models/User.php(83): yii\db\BaseActiveRecord::findOne('[<span class="s...')
#6 /var/www/html/yii2advanced/common/models/LoginForm.php(73): common\models\User::findByUsername('<span class="st...')
#7 /var/www/html/yii2advanced/common/models/LoginForm.php(44): common\models\LoginForm->getUser()
#8 [internal function]: common\models\LoginForm->validatePassword('<span class="st...', '<span class="ke...')
#9 /var/www/html/yii2advanced/vendor/yiisoft/yii2/validators/InlineValidator.php(69): call_user_func('[<span class="t...', '<span class="st...', '<span class="ke...')
#10 /var/www/html/yii2advanced/vendor/yiisoft/yii2/validators/Validator.php(252): yii\validators\InlineValidator->validateAttribute(Object(common\models\LoginForm), '<span class="st...')
#11 /var/www/html/yii2advanced/vendor/yiisoft/yii2/base/Model.php(356): yii\validators\Validator->validateAttributes(Object(common\models\LoginForm), '[<span class="s...')
#12 /var/www/html/yii2advanced/common/models/LoginForm.php(58): yii\base\Model->validate()
#13 /var/www/html/yii2advanced/backend/controllers/SiteController.php(78): common\models\LoginForm->login()
#14 [internal function]: backend\controllers\SiteController->actionLogin()
#15 /var/www/html/yii2advanced/vendor/yiisoft/yii2/base/InlineAction.php(55): call_user_func_array('[<span class="t...', '[]')
#16 /var/www/html/yii2advanced/vendor/yiisoft/yii2/base/Controller.php(154): yii\base\InlineAction->runWithParams('[<span class="s...')
#17 /var/www/html/yii2advanced/vendor/yiisoft/yii2/base/Module.php(454): yii\base\Controller->runAction('<span class="st...', '[<span class="s...')
#18 /var/www/html/yii2advanced/vendor/yiisoft/yii2/web/Application.php(87): yii\base\Module->runAction('<span class="st...', '[<span class="s...')
#19 /var/www/html/yii2advanced/vendor/yiisoft/yii2/base/Application.php(375): yii\web\Application->handleRequest(Object(yii\web\Request))
#20 /var/www/html/yii2advanced/backend/web/index.php(18): yii\base\Application->run()
#21 {main}

Next exception 'yii\db\Exception' with message 'SQLSTATE[42P01]: Undefined table: 7 ERROR:  relation "user" does not exist
LINE 1: SELECT * FROM "user" WHERE ("username"=$1) AND ("status"=$2)
                      ^
The SQL being executed was: SELECT * FROM "user" WHERE ("username"='admin') AND ("status"=10)' in /var/www/html/yii2advanced/vendor/yiisoft/yii2/db/Schema.php:633
Stack trace:
#0 /var/www/html/yii2advanced/vendor/yiisoft/yii2/db/Command.php(915): yii\db\Schema->convertException(Object(PDOException), 'SELECT * FROM "...')
#1 /var/www/html/yii2advanced/vendor/yiisoft/yii2/db/Command.php(376): yii\db\Command->queryInternal('<span class="st...', '<span class="ke...')
#2 /var/www/html/yii2advanced/vendor/yiisoft/yii2/db/Query.php(247): yii\db\Command->queryOne()
#3 /var/www/html/yii2advanced/vendor/yiisoft/yii2/db/ActiveQuery.php(295): yii\db\Query->one('<span class="ke...')
#4 /var/www/html/yii2advanced/vendor/yiisoft/yii2/db/BaseActiveRecord.php(107): yii\db\ActiveQuery->one()
#5 /var/www/html/yii2advanced/common/models/User.php(83): yii\db\BaseActiveRecord::findOne('[<span class="s...')
#6 /var/www/html/yii2advanced/common/models/LoginForm.php(73): common\models\User::findByUsername('<span class="st...')
#7 /var/www/html/yii2advanced/common/models/LoginForm.php(44): common\models\LoginForm->getUser()
#8 [internal function]: common\models\LoginForm->validatePassword('<span class="st...', '<span class="ke...')
#9 /var/www/html/yii2advanced/vendor/yiisoft/yii2/validators/InlineValidator.php(69): call_user_func('[<span class="t...', '<span class="st...', '<span class="ke...')
#10 /var/www/html/yii2advanced/vendor/yiisoft/yii2/validators/Validator.php(252): yii\validators\InlineValidator->validateAttribute(Object(common\models\LoginForm), '<span class="st...')
#11 /var/www/html/yii2advanced/vendor/yiisoft/yii2/base/Model.php(356): yii\validators\Validator->validateAttributes(Object(common\models\LoginForm), '[<span class="s...')
#12 /var/www/html/yii2advanced/common/models/LoginForm.php(58): yii\base\Model->validate()
#13 /var/www/html/yii2advanced/backend/controllers/SiteController.php(78): common\models\LoginForm->login()
#14 [internal function]: backend\controllers\SiteController->actionLogin()
#15 /var/www/html/yii2advanced/vendor/yiisoft/yii2/base/InlineAction.php(55): call_user_func_array('[<span class="t...', '[]')
#16 /var/www/html/yii2advanced/vendor/yiisoft/yii2/base/Controller.php(154): yii\base\InlineAction->runWithParams('[<span class="s...')
#17 /var/www/html/yii2advanced/vendor/yiisoft/yii2/base/Module.php(454): yii\base\Controller->runAction('<span class="st...', '[<span class="s...')
#18 /var/www/html/yii2advanced/vendor/yiisoft/yii2/web/Application.php(87): yii\base\Module->runAction('<span class="st...', '[<span class="s...')
#19 /var/www/html/yii2advanced/vendor/yiisoft/yii2/base/Application.php(375): yii\web\Application->handleRequest(Object(yii\web\Request))
#20 /var/www/html/yii2advanced/backend/web/index.php(18): yii\base\Application->run()
#21 {main}
Additional Information:
Array
(
    [0] => 42P01
    [1] => 7
    [2] => ERROR:  relation "user" does not exist
LINE 1: SELECT * FROM "user" WHERE ("username"=$1) AND ("status"=$2)
                      ^
)

2016-09-29 02:51:03 [127.0.0.1][-][2b11v2b35a9capkm4grt2leop3][info][application] $_GET = [
    'r' => 'site/login'
]

$_POST = [
    '_csrf-backend' => 'b0JDd3NnUC4GBRAfMjQ5bVh7DAYABCoaHnd7MjgjNH8HODkcMDQ2Rg=='
    'LoginForm' => [
        'username' => 'admin'
        'password' => 'admin'
        'rememberMe' => '1'
    ]
    'login-button' => ''
]

$_COOKIE = [
    'PHPSESSID' => 'kmg34objs614vkat3l32mg96l6'
    'advanced-backend' => '2b11v2b35a9capkm4grt2leop3'
    '_csrf-backend' => '8a978db0f5958bc77e3713582b779d95deb34f49ceb5905455b29823afb89b1ba:2:{i:0;s:13:\"_csrf-backend\";i:1;s:32:\"iGShASiC79Oqscz4q58EKDdQhzzkCSfh\";}'
]

$_SESSION = [
    '__flash' => []
    '__returnUrl' => '/yii2advanced/backend/web/'
]

$_SERVER = [
    'HTTP_HOST' => 'localhost'
    'HTTP_USER_AGENT' => 'Mozilla/5.0 (X11; Ubuntu; Linux i686; rv:47.0) Gecko/20100101 Firefox/47.0'
    'HTTP_ACCEPT' => 'text/html,application/xhtml+xml,application/xml;q=0.9,*/*;q=0.8'
    'HTTP_ACCEPT_LANGUAGE' => 'en-US,en;q=0.5'
    'HTTP_ACCEPT_ENCODING' => 'gzip, deflate'
    'HTTP_REFERER' => 'http://localhost/yii2advanced/backend/web/index.php?r=site%2Flogin'
    'HTTP_COOKIE' => 'PHPSESSID=kmg34objs614vkat3l32mg96l6; advanced-backend=2b11v2b35a9capkm4grt2leop3; _csrf-backend=8a978db0f5958bc77e3713582b779d95deb34f49ceb5905455b29823afb89b1ba%3A2%3A%7Bi%3A0%3Bs%3A13%3A%22_csrf-backend%22%3Bi%3A1%3Bs%3A32%3A%22iGShASiC79Oqscz4q58EKDdQhzzkCSfh%22%3B%7D'
    'HTTP_CONNECTION' => 'keep-alive'
    'CONTENT_TYPE' => 'application/x-www-form-urlencoded'
    'CONTENT_LENGTH' => '204'
    'PATH' => '/usr/local/sbin:/usr/local/bin:/usr/sbin:/usr/bin:/sbin:/bin'
    'SERVER_SIGNATURE' => '<address>Apache/2.4.18 (Ubuntu) Server at localhost Port 80</address>
'
    'SERVER_SOFTWARE' => 'Apache/2.4.18 (Ubuntu)'
    'SERVER_NAME' => 'localhost'
    'SERVER_ADDR' => '127.0.0.1'
    'SERVER_PORT' => '80'
    'REMOTE_ADDR' => '127.0.0.1'
    'DOCUMENT_ROOT' => '/var/www/html'
    'REQUEST_SCHEME' => 'http'
    'CONTEXT_PREFIX' => ''
    'CONTEXT_DOCUMENT_ROOT' => '/var/www/html'
    'SERVER_ADMIN' => 'webmaster@localhost'
    'SCRIPT_FILENAME' => '/var/www/html/yii2advanced/backend/web/index.php'
    'REMOTE_PORT' => '41232'
    'GATEWAY_INTERFACE' => 'CGI/1.1'
    'SERVER_PROTOCOL' => 'HTTP/1.1'
    'REQUEST_METHOD' => 'POST'
    'QUERY_STRING' => 'r=site%2Flogin'
    'REQUEST_URI' => '/yii2advanced/backend/web/index.php?r=site%2Flogin'
    'SCRIPT_NAME' => '/yii2advanced/backend/web/index.php'
    'PHP_SELF' => '/yii2advanced/backend/web/index.php'
    'REQUEST_TIME_FLOAT' => 1475117463.836
    'REQUEST_TIME' => 1475117463
]
